INFO - 2023-11-21 08:01:05 --> Session: Class initialized using 'CodeIgniter\Session\Handlers\FileHandler' driver.
INFO - 2023-11-21 08:08:54 --> Session: Class initialized using 'CodeIgniter\Session\Handlers\FileHandler' driver.
INFO - 2023-11-21 08:09:55 --> Session: Class initialized using 'CodeIgniter\Session\Handlers\FileHandler' driver.
INFO - 2023-11-21 08:10:17 --> Session: Class initialized using 'CodeIgniter\Session\Handlers\FileHandler' driver.
INFO - 2023-11-21 08:10:25 --> Session: Class initialized using 'CodeIgniter\Session\Handlers\FileHandler' driver.
CRITICAL - 2023-11-21 08:11:34 --> Call to a member function isValid() on null
in APPPATH/Controllers/Contact.php on line 80.
 1 SYSTEMPATH/CodeIgniter.php(919): App\Controllers\Contact->save()
 2 SYSTEMPATH/CodeIgniter.php(494): CodeIgniter\CodeIgniter->runController()
 3 SYSTEMPATH/CodeIgniter.php(353): CodeIgniter\CodeIgniter->handleRequest()
 4 FCPATH/index.php(79): CodeIgniter\CodeIgniter->run()
 5 SYSTEMPATH/Commands/Server/rewrite.php(47): require_once('/di/codeigniter/ll210214/CV/public/index.php')
INFO - 2023-11-21 08:16:46 --> Session: Class initialized using 'CodeIgniter\Session\Handlers\FileHandler' driver.
INFO - 2023-11-21 08:17:20 --> Session: Class initialized using 'CodeIgniter\Session\Handlers\FileHandler' driver.
INFO - 2023-11-21 08:19:54 --> Session: Class initialized using 'CodeIgniter\Session\Handlers\FileHandler' driver.
INFO - 2023-11-21 08:23:07 --> Session: Class initialized using 'CodeIgniter\Session\Handlers\FileHandler' driver.
INFO - 2023-11-21 08:27:05 --> Session: Class initialized using 'CodeIgniter\Session\Handlers\FileHandler' driver.
INFO - 2023-11-21 08:28:30 --> Session: Class initialized using 'CodeIgniter\Session\Handlers\FileHandler' driver.
ERROR - 2023-11-21 08:29:02 --> Email: sendWithSmtp throwed ErrorException: fsockopen(): unable to connect to smtp.gmail.com:25 (Connection timed out) in /di/codeigniter/ll210214/CV/system/Email/Email.php:1888
Stack trace:
#0 [internal function]: CodeIgniter\Debug\Exceptions->errorHandler()
#1 /di/codeigniter/ll210214/CV/system/Email/Email.php(1888): fsockopen()
#2 /di/codeigniter/ll210214/CV/system/Email/Email.php(1796): CodeIgniter\Email\Email->SMTPConnect()
#3 /di/codeigniter/ll210214/CV/system/Email/Email.php(1681): CodeIgniter\Email\Email->sendWithSmtp()
#4 /di/codeigniter/ll210214/CV/system/Email/Email.php(1575): CodeIgniter\Email\Email->spoolEmail()
#5 /di/codeigniter/ll210214/CV/app/Controllers/Contact.php(97): CodeIgniter\Email\Email->send()
#6 /di/codeigniter/ll210214/CV/system/CodeIgniter.php(919): App\Controllers\Contact->save()
#7 /di/codeigniter/ll210214/CV/system/CodeIgniter.php(494): CodeIgniter\CodeIgniter->runController()
#8 /di/codeigniter/ll210214/CV/system/CodeIgniter.php(353): CodeIgniter\CodeIgniter->handleRequest()
#9 /di/codeigniter/ll210214/CV/public/index.php(79): CodeIgniter\CodeIgniter->run()
#10 /di/codeigniter/ll210214/CV/system/Commands/Server/rewrite.php(47): require_once('/di/codeigniter...')
#11 {main}
ERROR - 2023-11-21 08:29:02 --> Email: Impossible d'envoyer des emails avec la méthode SMTP de PHP. Votre serveur n'est peut-être pas configuré pour pouvoir utiliser cette méthode.
ERROR - 2023-11-21 08:29:02 --> 
INFO - 2023-11-21 08:29:02 --> Session: Class initialized using 'CodeIgniter\Session\Handlers\FileHandler' driver.
ERROR - 2023-11-21 08:29:43 --> Email: sendWithSmtp throwed ErrorException: fsockopen(): unable to connect to smtp.gmail.com:25 (Connection timed out) in /di/codeigniter/ll210214/CV/system/Email/Email.php:1888
Stack trace:
#0 [internal function]: CodeIgniter\Debug\Exceptions->errorHandler()
#1 /di/codeigniter/ll210214/CV/system/Email/Email.php(1888): fsockopen()
#2 /di/codeigniter/ll210214/CV/system/Email/Email.php(1796): CodeIgniter\Email\Email->SMTPConnect()
#3 /di/codeigniter/ll210214/CV/system/Email/Email.php(1681): CodeIgniter\Email\Email->sendWithSmtp()
#4 /di/codeigniter/ll210214/CV/system/Email/Email.php(1575): CodeIgniter\Email\Email->spoolEmail()
#5 /di/codeigniter/ll210214/CV/app/Controllers/Contact.php(97): CodeIgniter\Email\Email->send()
#6 /di/codeigniter/ll210214/CV/system/CodeIgniter.php(919): App\Controllers\Contact->save()
#7 /di/codeigniter/ll210214/CV/system/CodeIgniter.php(494): CodeIgniter\CodeIgniter->runController()
#8 /di/codeigniter/ll210214/CV/system/CodeIgniter.php(353): CodeIgniter\CodeIgniter->handleRequest()
#9 /di/codeigniter/ll210214/CV/public/index.php(79): CodeIgniter\CodeIgniter->run()
#10 /di/codeigniter/ll210214/CV/system/Commands/Server/rewrite.php(47): require_once('/di/codeigniter...')
#11 {main}
ERROR - 2023-11-21 08:29:43 --> Email: Impossible d'envoyer des emails avec la méthode SMTP de PHP. Votre serveur n'est peut-être pas configuré pour pouvoir utiliser cette méthode.
ERROR - 2023-11-21 08:29:43 --> 
INFO - 2023-11-21 08:29:43 --> Session: Class initialized using 'CodeIgniter\Session\Handlers\FileHandler' driver.
INFO - 2023-11-21 08:32:37 --> Session: Class initialized using 'CodeIgniter\Session\Handlers\FileHandler' driver.
INFO - 2023-11-21 08:33:51 --> Session: Class initialized using 'CodeIgniter\Session\Handlers\FileHandler' driver.
CRITICAL - 2023-11-21 08:34:15 --> valid_phone n'est pas une règle valide.
in SYSTEMPATH/Validation/Validation.php on line 317.
 1 SYSTEMPATH/Validation/Validation.php(317): CodeIgniter\Validation\Exceptions\ValidationException::forRuleNotFound()
 2 SYSTEMPATH/Validation/Validation.php(195): CodeIgniter\Validation\Validation->processRules()
 3 SYSTEMPATH/Controller.php(150): CodeIgniter\Validation\Validation->run()
 4 APPPATH/Controllers/Contact.php(42): CodeIgniter\Controller->validate()
 5 SYSTEMPATH/CodeIgniter.php(919): App\Controllers\Contact->save()
 6 SYSTEMPATH/CodeIgniter.php(494): CodeIgniter\CodeIgniter->runController()
 7 SYSTEMPATH/CodeIgniter.php(353): CodeIgniter\CodeIgniter->handleRequest()
 8 FCPATH/index.php(79): CodeIgniter\CodeIgniter->run()
 9 SYSTEMPATH/Commands/Server/rewrite.php(47): require_once('/di/codeigniter/ll210214/CV/public/index.php')
INFO - 2023-11-21 08:35:00 --> Session: Class initialized using 'CodeIgniter\Session\Handlers\FileHandler' driver.
INFO - 2023-11-21 08:35:26 --> Session: Class initialized using 'CodeIgniter\Session\Handlers\FileHandler' driver.
CRITICAL - 2023-11-21 08:37:17 --> valid_phone_number n'est pas une règle valide.
in SYSTEMPATH/Validation/Validation.php on line 317.
 1 SYSTEMPATH/Validation/Validation.php(317): CodeIgniter\Validation\Exceptions\ValidationException::forRuleNotFound()
 2 SYSTEMPATH/Validation/Validation.php(195): CodeIgniter\Validation\Validation->processRules()
 3 SYSTEMPATH/Controller.php(150): CodeIgniter\Validation\Validation->run()
 4 APPPATH/Controllers/Contact.php(42): CodeIgniter\Controller->validate()
 5 SYSTEMPATH/CodeIgniter.php(919): App\Controllers\Contact->save()
 6 SYSTEMPATH/CodeIgniter.php(494): CodeIgniter\CodeIgniter->runController()
 7 SYSTEMPATH/CodeIgniter.php(353): CodeIgniter\CodeIgniter->handleRequest()
 8 FCPATH/index.php(79): CodeIgniter\CodeIgniter->run()
 9 SYSTEMPATH/Commands/Server/rewrite.php(47): require_once('/di/codeigniter/ll210214/CV/public/index.php')
INFO - 2023-11-21 08:41:01 --> Session: Class initialized using 'CodeIgniter\Session\Handlers\FileHandler' driver.
INFO - 2023-11-21 08:45:21 --> Session: Class initialized using 'CodeIgniter\Session\Handlers\FileHandler' driver.
INFO - 2023-11-21 08:45:31 --> Session: Class initialized using 'CodeIgniter\Session\Handlers\FileHandler' driver.
INFO - 2023-11-21 08:45:38 --> Session: Class initialized using 'CodeIgniter\Session\Handlers\FileHandler' driver.
ERROR - 2023-11-21 08:45:45 --> Email: sendWithSmtp throwed ErrorException: fsockopen(): unable to connect to smtp.gmail.com:25 (Connection timed out) in /di/codeigniter/ll210214/CV/system/Email/Email.php:1888
Stack trace:
#0 [internal function]: CodeIgniter\Debug\Exceptions->errorHandler()
#1 /di/codeigniter/ll210214/CV/system/Email/Email.php(1888): fsockopen()
#2 /di/codeigniter/ll210214/CV/system/Email/Email.php(1796): CodeIgniter\Email\Email->SMTPConnect()
#3 /di/codeigniter/ll210214/CV/system/Email/Email.php(1681): CodeIgniter\Email\Email->sendWithSmtp()
#4 /di/codeigniter/ll210214/CV/system/Email/Email.php(1575): CodeIgniter\Email\Email->spoolEmail()
#5 /di/codeigniter/ll210214/CV/app/Controllers/Contact.php(97): CodeIgniter\Email\Email->send()
#6 /di/codeigniter/ll210214/CV/system/CodeIgniter.php(919): App\Controllers\Contact->save()
#7 /di/codeigniter/ll210214/CV/system/CodeIgniter.php(494): CodeIgniter\CodeIgniter->runController()
#8 /di/codeigniter/ll210214/CV/system/CodeIgniter.php(353): CodeIgniter\CodeIgniter->handleRequest()
#9 /di/codeigniter/ll210214/CV/public/index.php(79): CodeIgniter\CodeIgniter->run()
#10 /di/codeigniter/ll210214/CV/system/Commands/Server/rewrite.php(47): require_once('/di/codeigniter...')
#11 {main}
ERROR - 2023-11-21 08:45:45 --> Email: Impossible d'envoyer des emails avec la méthode SMTP de PHP. Votre serveur n'est peut-être pas configuré pour pouvoir utiliser cette méthode.
ERROR - 2023-11-21 08:45:45 --> 
INFO - 2023-11-21 08:45:45 --> Session: Class initialized using 'CodeIgniter\Session\Handlers\FileHandler' driver.
